Compiling the CUDA compiler identification source file "CMakeCUDACompilerId.cu" failed.
Compiler: /Developer/NVIDIA/CUDA-10.1/bin/nvcc 
Build flags: 
Id flags:  -v;--keep;--keep-dir;tmp

The output was:
1
#$ _SPACE_= 
#$ _CUDART_=cudart
#$ _HERE_=/Developer/NVIDIA/CUDA-10.1/bin
#$ _THERE_=/Developer/NVIDIA/CUDA-10.1/bin
#$ _TARGET_SIZE_=
#$ _TARGET_DIR_=
#$ _TARGET_SIZE_=64
#$ TOP=/Developer/NVIDIA/CUDA-10.1/bin/..
#$ NVVMIR_LIBRARY_DIR=/Developer/NVIDIA/CUDA-10.1/bin/../nvvm/libdevice
#$ PATH=/Developer/NVIDIA/CUDA-10.1/bin/../nvvm/bin:/Developer/NVIDIA/CUDA-10.1/bin:/Users/trishul/.rvm/gems/ruby-2.4.2/bin:/Users/trishul/.rvm/gems/ruby-2.4.2@global/bin:/Users/trishul/.rvm/rubies/ruby-2.4.2/bin:/usr/local/bin:/usr/bin:/bin:/usr/sbin:/sbin:/Library/TeX/texbin:/opt/X11/bin:/Users/trishul/.rvm/bin
#$ INCLUDES="-I/Developer/NVIDIA/CUDA-10.1/bin/../include"  
#$ LIBRARIES=  "-L/Developer/NVIDIA/CUDA-10.1/bin/../lib"
#$ CUDAFE_FLAGS=
#$ PTXAS_FLAGS=
#$ rm tmp/a_dlink.reg.c
#$ clang -std=c++14 -D__CUDA_ARCH__=300 -E -x c++  -DCUDA_DOUBLE_MATH_FUNCTIONS -D__CUDACC__ -D__NVCC__  "-I/Developer/NVIDIA/CUDA-10.1/bin/../include"    -D__CUDACC_VER_MAJOR__=10 -D__CUDACC_VER_MINOR__=1 -D__CUDACC_VER_BUILD__=105 -include "cuda_runtime.h" -m64 "CMakeCUDACompilerId.cu" > "tmp/CMakeCUDACompilerId.cpp1.ii" 
#$ cicc --c++14 --clang --clang_version=60000 --unicode_source_kind=UTF-8 --allow_managed   -arch compute_30 -m64 -ftz=0 -prec_div=1 -prec_sqrt=1 -fmad=1 --include_file_name "CMakeCUDACompilerId.fatbin.c" -tused -nvvmir-library "/Developer/NVIDIA/CUDA-10.1/bin/../nvvm/libdevice/libdevice.10.bc" --gen_module_id_file --module_id_file_name "tmp/CMakeCUDACompilerId.module_id" --orig_src_file_name "CMakeCUDACompilerId.cu" --gen_c_file_name "tmp/CMakeCUDACompilerId.cudafe1.c" --stub_file_name "tmp/CMakeCUDACompilerId.cudafe1.stub.c" --gen_device_file_name "tmp/CMakeCUDACompilerId.cudafe1.gpu"  "tmp/CMakeCUDACompilerId.cpp1.ii" -o "tmp/CMakeCUDACompilerId.ptx"
/Developer/NVIDIA/CUDA-10.1/bin/../include/crt/math_functions.h(8909): error: cannot overload functions distinguished by return type alone

/Developer/NVIDIA/CUDA-10.1/bin/../include/crt/math_functions.h(8911): error: cannot overload functions distinguished by return type alone

/Developer/NVIDIA/CUDA-10.1/bin/../include/crt/math_functions.h(8913): error: cannot overload functions distinguished by return type alone

/Developer/NVIDIA/CUDA-10.1/bin/../include/crt/math_functions.h(8915): error: cannot overload functions distinguished by return type alone

/Developer/NVIDIA/CUDA-10.1/bin/../include/crt/math_functions.hpp(157): error: cannot overload functions distinguished by return type alone

/Developer/NVIDIA/CUDA-10.1/bin/../include/crt/math_functions.hpp(159): error: cannot overload functions distinguished by return type alone

/Developer/NVIDIA/CUDA-10.1/bin/../include/crt/math_functions.hpp(161): error: cannot overload functions distinguished by return type alone

/Developer/NVIDIA/CUDA-10.1/bin/../include/crt/math_functions.hpp(163): error: cannot overload functions distinguished by return type alone

8 errors detected in the compilation of "tmp/CMakeCUDACompilerId.cpp1.ii".
# --error 0x1 --


Compiling the CUDA compiler identification source file "CMakeCUDACompilerId.cu" failed.
Compiler: /Developer/NVIDIA/CUDA-10.1/bin/nvcc 
Build flags: 
Id flags:  -v;--keep;--keep-dir;tmp

The output was:
1
#$ _SPACE_= 
#$ _CUDART_=cudart
#$ _HERE_=/Developer/NVIDIA/CUDA-10.1/bin
#$ _THERE_=/Developer/NVIDIA/CUDA-10.1/bin
#$ _TARGET_SIZE_=
#$ _TARGET_DIR_=
#$ _TARGET_SIZE_=64
#$ TOP=/Developer/NVIDIA/CUDA-10.1/bin/..
#$ NVVMIR_LIBRARY_DIR=/Developer/NVIDIA/CUDA-10.1/bin/../nvvm/libdevice
#$ PATH=/Developer/NVIDIA/CUDA-10.1/bin/../nvvm/bin:/Developer/NVIDIA/CUDA-10.1/bin:/Users/trishul/.rvm/gems/ruby-2.4.2/bin:/Users/trishul/.rvm/gems/ruby-2.4.2@global/bin:/Users/trishul/.rvm/rubies/ruby-2.4.2/bin:/usr/local/bin:/usr/bin:/bin:/usr/sbin:/sbin:/Library/TeX/texbin:/opt/X11/bin:/Users/trishul/.rvm/bin
#$ INCLUDES="-I/Developer/NVIDIA/CUDA-10.1/bin/../include"  
#$ LIBRARIES=  "-L/Developer/NVIDIA/CUDA-10.1/bin/../lib"
#$ CUDAFE_FLAGS=
#$ PTXAS_FLAGS=
#$ rm tmp/a_dlink.reg.c
#$ clang -std=c++14 -D__CUDA_ARCH__=300 -E -x c++  -DCUDA_DOUBLE_MATH_FUNCTIONS -D__CUDACC__ -D__NVCC__  "-I/Developer/NVIDIA/CUDA-10.1/bin/../include"    -D__CUDACC_VER_MAJOR__=10 -D__CUDACC_VER_MINOR__=1 -D__CUDACC_VER_BUILD__=105 -include "cuda_runtime.h" -m64 "CMakeCUDACompilerId.cu" > "tmp/CMakeCUDACompilerId.cpp1.ii" 
#$ cicc --c++14 --clang --clang_version=60000 --unicode_source_kind=UTF-8 --allow_managed   -arch compute_30 -m64 -ftz=0 -prec_div=1 -prec_sqrt=1 -fmad=1 --include_file_name "CMakeCUDACompilerId.fatbin.c" -tused -nvvmir-library "/Developer/NVIDIA/CUDA-10.1/bin/../nvvm/libdevice/libdevice.10.bc" --gen_module_id_file --module_id_file_name "tmp/CMakeCUDACompilerId.module_id" --orig_src_file_name "CMakeCUDACompilerId.cu" --gen_c_file_name "tmp/CMakeCUDACompilerId.cudafe1.c" --stub_file_name "tmp/CMakeCUDACompilerId.cudafe1.stub.c" --gen_device_file_name "tmp/CMakeCUDACompilerId.cudafe1.gpu"  "tmp/CMakeCUDACompilerId.cpp1.ii" -o "tmp/CMakeCUDACompilerId.ptx"
/Developer/NVIDIA/CUDA-10.1/bin/../include/crt/math_functions.h(8909): error: cannot overload functions distinguished by return type alone

/Developer/NVIDIA/CUDA-10.1/bin/../include/crt/math_functions.h(8911): error: cannot overload functions distinguished by return type alone

/Developer/NVIDIA/CUDA-10.1/bin/../include/crt/math_functions.h(8913): error: cannot overload functions distinguished by return type alone

/Developer/NVIDIA/CUDA-10.1/bin/../include/crt/math_functions.h(8915): error: cannot overload functions distinguished by return type alone

/Developer/NVIDIA/CUDA-10.1/bin/../include/crt/math_functions.hpp(157): error: cannot overload functions distinguished by return type alone

/Developer/NVIDIA/CUDA-10.1/bin/../include/crt/math_functions.hpp(159): error: cannot overload functions distinguished by return type alone

/Developer/NVIDIA/CUDA-10.1/bin/../include/crt/math_functions.hpp(161): error: cannot overload functions distinguished by return type alone

/Developer/NVIDIA/CUDA-10.1/bin/../include/crt/math_functions.hpp(163): error: cannot overload functions distinguished by return type alone

8 errors detected in the compilation of "tmp/CMakeCUDACompilerId.cpp1.ii".
# --error 0x1 --


Determining if the CUDA compiler works failed with the following output:
Change Dir: /Users/trishul/Documents/Duke/s6/ece590/gpgpu/cudamodel/cmake-build-debug/CMakeFiles/CMakeTmp

Run Build Command:"/usr/bin/make" "cmTC_38a8e/fast"
/Applications/Xcode.app/Contents/Developer/usr/bin/make -f CMakeFiles/cmTC_38a8e.dir/build.make CMakeFiles/cmTC_38a8e.dir/build
Building CUDA object CMakeFiles/cmTC_38a8e.dir/main.cu.o
/Developer/NVIDIA/CUDA-10.1/bin/nvcc     -x cu -c /Users/trishul/Documents/Duke/s6/ece590/gpgpu/cudamodel/cmake-build-debug/CMakeFiles/CMakeTmp/main.cu -o CMakeFiles/cmTC_38a8e.dir/main.cu.o
/Developer/NVIDIA/CUDA-10.1/bin/../include/crt/math_functions.h(8909): error: cannot overload functions distinguished by return type alone

/Developer/NVIDIA/CUDA-10.1/bin/../include/crt/math_functions.h(8911): error: cannot overload functions distinguished by return type alone

/Developer/NVIDIA/CUDA-10.1/bin/../include/crt/math_functions.h(8913): error: cannot overload functions distinguished by return type alone

/Developer/NVIDIA/CUDA-10.1/bin/../include/crt/math_functions.h(8915): error: cannot overload functions distinguished by return type alone

/Developer/NVIDIA/CUDA-10.1/bin/../include/crt/math_functions.hpp(157): error: cannot overload functions distinguished by return type alone

/Developer/NVIDIA/CUDA-10.1/bin/../include/crt/math_functions.hpp(159): error: cannot overload functions distinguished by return type alone

/Developer/NVIDIA/CUDA-10.1/bin/../include/crt/math_functions.hpp(161): error: cannot overload functions distinguished by return type alone

/Developer/NVIDIA/CUDA-10.1/bin/../include/crt/math_functions.hpp(163): error: cannot overload functions distinguished by return type alone

8 errors detected in the compilation of "/var/folders/wq/r2dskmjx4v35pdn1xh5kb5c80000gn/T//tmpxft_00007948_00000000-6_main.cpp1.ii".
make[1]: *** [CMakeFiles/cmTC_38a8e.dir/main.cu.o] Error 1
make: *** [cmTC_38a8e/fast] Error 2


Compiling the CUDA compiler identification source file "CMakeCUDACompilerId.cu" failed.
Compiler: CMAKE_CUDA_COMPILER-NOTFOUND 
Build flags: 
Id flags:  -v;--keep;--keep-dir;tmp

The output was:
No such file or directory


Compiling the CUDA compiler identification source file "CMakeCUDACompilerId.cu" failed.
Compiler: CMAKE_CUDA_COMPILER-NOTFOUND 
Build flags: 
Id flags:  -v;--keep;--keep-dir;tmp

The output was:
No such file or directory


